{"/Users/alexanderquirk/Dev/football-game/ui/src/constants.js": {"path":"/Users/alexanderquirk/Dev/football-game/ui/src/constants.js","statementMap":{"0":{"start":{"line":2,"column":0},"end":{"line":null,"column":-1}},"1":{"start":{"line":3,"column":0},"end":{"line":null,"column":-1}}},"fnMap":{},"branchMap":{},"s":{"0":0,"1":0},"f":{},"b":{}}
,"/Users/alexanderquirk/Dev/football-game/ui/src/routes.jsx": {"path":"/Users/alexanderquirk/Dev/football-game/ui/src/routes.jsx","statementMap":{"0":{"start":{"line":1,"column":0},"end":{"line":null,"column":-1}},"1":{"start":{"line":2,"column":0},"end":{"line":null,"column":-1}},"2":{"start":{"line":4,"column":15},"end":{"line":4,"column":0}}},"fnMap":{},"branchMap":{},"s":{"0":0,"1":0,"2":0},"f":{},"b":{}}
,"/Users/alexanderquirk/Dev/football-game/ui/src/App/App.jsx": {"path":"/Users/alexanderquirk/Dev/football-game/ui/src/App/App.jsx","statementMap":{"0":{"start":{"line":1,"column":0},"end":{"line":null,"column":-1}},"1":{"start":{"line":2,"column":0},"end":{"line":null,"column":-1}},"2":{"start":{"line":3,"column":0},"end":{"line":null,"column":-1}},"3":{"start":{"line":5,"column":0},"end":{"line":null,"column":-1}},"4":{"start":{"line":7,"column":12},"end":{"line":7,"column":0}},"5":{"start":{"line":7,"column":12},"end":{"line":7,"column":11}},"6":{"start":{"line":7,"column":12},"end":{"line":null,"column":-1}},"7":{"start":{"line":9,"column":0},"end":{"line":null,"column":-1}}},"fnMap":{"0":{"name":"App","decl":{"start":{"line":7,"column":6},"end":{"line":7,"column":12}},"loc":{"start":{"line":7,"column":12},"end":{"line":7,"column":0}}}},"branchMap":{},"s":{"0":0,"1":0,"2":0,"3":0,"4":0,"5":0,"6":0,"7":0},"f":{"0":0},"b":{}}
,"/Users/alexanderquirk/Dev/football-game/ui/src/actions/authorizationCredentialsActions.js": {"path":"/Users/alexanderquirk/Dev/football-game/ui/src/actions/authorizationCredentialsActions.js","statementMap":{"0":{"start":{"line":1,"column":25},"end":{"line":1,"column":36}},"1":{"start":{"line":3,"column":46},"end":{"line":6,"column":2}},"2":{"start":{"line":3,"column":55},"end":{"line":6,"column":1}}},"fnMap":{"0":{"name":"(anonymous_0)","decl":{"start":{"line":3,"column":46},"end":{"line":3,"column":47}},"loc":{"start":{"line":3,"column":55},"end":{"line":6,"column":1}},"line":3}},"branchMap":{},"s":{"0":1,"1":1,"2":0},"f":{"0":0},"b":{},"_coverageSchema":"332fd63041d2c1bcb487cc26dd0d5f7d97098a6c","hash":"c2c29a6f28914ab7bd944f3eb45ce1cde56a14de"}
,"/Users/alexanderquirk/Dev/football-game/ui/src/containers/forms/SignUpForm/SignUpForm.jsx": {"path":"/Users/alexanderquirk/Dev/football-game/ui/src/containers/forms/SignUpForm/SignUpForm.jsx","statementMap":{"0":{"start":{"line":1,"column":0},"end":{"line":null,"column":-1}},"1":{"start":{"line":2,"column":0},"end":{"line":null,"column":-1}},"2":{"start":{"line":3,"column":0},"end":{"line":null,"column":-1}},"3":{"start":{"line":4,"column":0},"end":{"line":null,"column":-1}},"4":{"start":{"line":6,"column":0},"end":{"line":null,"column":-1}},"5":{"start":{"line":8,"column":0},"end":{"line":null,"column":-1}},"6":{"start":{"line":10,"column":30},"end":{"line":10,"column":0}},"7":{"start":{"line":15,"column":6},"end":{"line":15,"column":5}},"8":{"start":{"line":16,"column":22},"end":{"line":16,"column":2}},"9":{"start":{"line":16,"column":22},"end":{"line":null,"column":-1}},"10":{"start":{"line":16,"column":35},"end":{"line":null,"column":-1}},"11":{"start":{"line":18,"column":2},"end":{"line":null,"column":-1}},"12":{"start":{"line":71,"column":0},"end":{"line":null,"column":-1}},"13":{"start":{"line":78,"column":24},"end":{"line":78,"column":0}},"14":{"start":{"line":78,"column":24},"end":{"line":78,"column":23}},"15":{"start":{"line":78,"column":24},"end":{"line":null,"column":-1}},"16":{"start":{"line":84,"column":27},"end":{"line":84,"column":0}},"17":{"start":{"line":84,"column":27},"end":{"line":null,"column":-1}},"18":{"start":{"line":91,"column":19},"end":{"line":91,"column":0}}},"fnMap":{"0":{"name":"UnconnectedSignUpForm","decl":{"start":{"line":10,"column":6},"end":{"line":10,"column":30}},"loc":{"start":{"line":15,"column":6},"end":{"line":10,"column":0}}},"1":{"name":"updateField","decl":{"start":{"line":16,"column":8},"end":{"line":16,"column":22}},"loc":{"start":{"line":16,"column":22},"end":{"line":16,"column":2}}},"2":{"name":"(anonymous_4)","decl":{"start":{"line":16,"column":35},"end":{"line":null,"column":-1}},"loc":{"start":{"line":16,"column":35},"end":{"line":16,"column":22}}},"3":{"name":"mapStateToProps","decl":{"start":{"line":78,"column":6},"end":{"line":78,"column":24}},"loc":{"start":{"line":78,"column":24},"end":{"line":78,"column":0}}},"4":{"name":"mapDispatchToProps","decl":{"start":{"line":84,"column":6},"end":{"line":84,"column":27}},"loc":{"start":{"line":84,"column":27},"end":{"line":84,"column":0}}}},"branchMap":{},"s":{"0":0,"1":0,"2":0,"3":0,"4":0,"5":0,"6":0,"7":0,"8":0,"9":0,"10":0,"11":0,"12":0,"13":0,"14":0,"15":0,"16":0,"17":0,"18":0},"f":{"0":0,"1":0,"2":0,"3":0,"4":0},"b":{}}
,"/Users/alexanderquirk/Dev/football-game/ui/src/pages/NotFoundPage/NotFoundPage.jsx": {"path":"/Users/alexanderquirk/Dev/football-game/ui/src/pages/NotFoundPage/NotFoundPage.jsx","statementMap":{"0":{"start":{"line":1,"column":0},"end":{"line":null,"column":-1}},"1":{"start":{"line":2,"column":21},"end":{"line":2,"column":0}},"2":{"start":{"line":2,"column":21},"end":{"line":null,"column":-1}}},"fnMap":{"0":{"name":"NotFoundPage","decl":{"start":{"line":2,"column":6},"end":{"line":2,"column":21}},"loc":{"start":{"line":2,"column":21},"end":{"line":2,"column":0}}}},"branchMap":{},"s":{"0":0,"1":0,"2":0},"f":{"0":0},"b":{}}
,"/Users/alexanderquirk/Dev/football-game/ui/src/pages/SignUpPage/SignUpPage.jsx": {"path":"/Users/alexanderquirk/Dev/football-game/ui/src/pages/SignUpPage/SignUpPage.jsx","statementMap":{"0":{"start":{"line":1,"column":0},"end":{"line":null,"column":-1}},"1":{"start":{"line":3,"column":0},"end":{"line":null,"column":-1}},"2":{"start":{"line":5,"column":19},"end":{"line":5,"column":0}},"3":{"start":{"line":6,"column":2},"end":{"line":null,"column":-1}}},"fnMap":{"0":{"name":"SignUpPage","decl":{"start":{"line":5,"column":6},"end":{"line":5,"column":19}},"loc":{"start":{"line":5,"column":25},"end":{"line":5,"column":0}}}},"branchMap":{},"s":{"0":0,"1":0,"2":0,"3":0},"f":{"0":0},"b":{}}
,"/Users/alexanderquirk/Dev/football-game/ui/src/reducers/authorizationCredentials.js": {"path":"/Users/alexanderquirk/Dev/football-game/ui/src/reducers/authorizationCredentials.js","statementMap":{"0":{"start":{"line":5,"column":21},"end":{"line":9,"column":2}},"1":{"start":{"line":11,"column":40},"end":{"line":18,"column":1}},"2":{"start":{"line":12,"column":2},"end":{"line":17,"column":3}},"3":{"start":{"line":14,"column":6},"end":{"line":14,"column":38}},"4":{"start":{"line":16,"column":6},"end":{"line":16,"column":19}}},"fnMap":{"0":{"name":"(anonymous_0)","decl":{"start":{"line":11,"column":40},"end":{"line":11,"column":41}},"loc":{"start":{"line":11,"column":79},"end":{"line":18,"column":1}},"line":11}},"branchMap":{"0":{"loc":{"start":{"line":11,"column":41},"end":{"line":11,"column":61}},"type":"default-arg","locations":[{"start":{"line":11,"column":49},"end":{"line":11,"column":61}}],"line":11},"1":{"loc":{"start":{"line":11,"column":63},"end":{"line":11,"column":74}},"type":"default-arg","locations":[{"start":{"line":11,"column":72},"end":{"line":11,"column":74}}],"line":11},"2":{"loc":{"start":{"line":12,"column":2},"end":{"line":17,"column":3}},"type":"switch","locations":[{"start":{"line":13,"column":4},"end":{"line":14,"column":38}},{"start":{"line":15,"column":4},"end":{"line":16,"column":19}}],"line":12}},"s":{"0":1,"1":1,"2":1,"3":0,"4":1},"f":{"0":1},"b":{"0":[1],"1":[1],"2":[0,1]},"_coverageSchema":"332fd63041d2c1bcb487cc26dd0d5f7d97098a6c","hash":"1039f6f2883be1614cdd7c771d18f06b27687871"}
,"/Users/alexanderquirk/Dev/football-game/ui/src/reducers/index.js": {"path":"/Users/alexanderquirk/Dev/football-game/ui/src/reducers/index.js","statementMap":{"0":{"start":{"line":1,"column":0},"end":{"line":null,"column":-1}},"1":{"start":{"line":2,"column":0},"end":{"line":null,"column":-1}},"2":{"start":{"line":4,"column":0},"end":{"line":null,"column":-1}},"3":{"start":{"line":6,"column":20},"end":{"line":6,"column":0}}},"fnMap":{},"branchMap":{},"s":{"0":0,"1":0,"2":0,"3":0},"f":{},"b":{}}
}
