TN:
SF:/Users/alexanderquirk/Dev/football-game/ui/src/constants.js
FNF:0
FNH:0
DA:2,0
DA:3,0
LF:2
LH:0
BRF:0
BRH:0
end_of_record
TN:
SF:/Users/alexanderquirk/Dev/football-game/ui/src/routes.jsx
FNF:0
FNH:0
DA:1,0
DA:2,0
DA:4,0
LF:3
LH:0
BRF:0
BRH:0
end_of_record
TN:
SF:/Users/alexanderquirk/Dev/football-game/ui/src/App/App.jsx
FN:7,App
FNF:1
FNH:0
FNDA:0,App
DA:1,0
DA:2,0
DA:3,0
DA:5,0
DA:7,0
DA:9,0
LF:6
LH:0
BRF:0
BRH:0
end_of_record
TN:
SF:/Users/alexanderquirk/Dev/football-game/ui/src/actions/authorizationCredentialsActions.js
FN:3,(anonymous_0)
FNF:1
FNH:0
FNDA:0,(anonymous_0)
DA:1,1
DA:3,1
LF:2
LH:2
BRF:0
BRH:0
end_of_record
TN:
SF:/Users/alexanderquirk/Dev/football-game/ui/src/containers/forms/SignUpForm/SignUpForm.jsx
FN:10,UnconnectedSignUpForm
FN:16,updateField
FN:16,(anonymous_4)
FN:78,mapStateToProps
FN:84,mapDispatchToProps
FNF:5
FNH:0
FNDA:0,UnconnectedSignUpForm
FNDA:0,updateField
FNDA:0,(anonymous_4)
FNDA:0,mapStateToProps
FNDA:0,mapDispatchToProps
DA:1,0
DA:2,0
DA:3,0
DA:4,0
DA:6,0
DA:8,0
DA:10,0
DA:15,0
DA:16,0
DA:18,0
DA:71,0
DA:78,0
DA:84,0
DA:91,0
LF:14
LH:0
BRF:0
BRH:0
end_of_record
TN:
SF:/Users/alexanderquirk/Dev/football-game/ui/src/pages/NotFoundPage/NotFoundPage.jsx
FN:2,NotFoundPage
FNF:1
FNH:0
FNDA:0,NotFoundPage
DA:1,0
DA:2,0
LF:2
LH:0
BRF:0
BRH:0
end_of_record
TN:
SF:/Users/alexanderquirk/Dev/football-game/ui/src/pages/SignUpPage/SignUpPage.jsx
FN:5,SignUpPage
FNF:1
FNH:0
FNDA:0,SignUpPage
DA:1,0
DA:3,0
DA:5,0
DA:6,0
LF:4
LH:0
BRF:0
BRH:0
end_of_record
TN:
SF:/Users/alexanderquirk/Dev/football-game/ui/src/reducers/authorizationCredentials.js
FN:11,(anonymous_0)
FNF:1
FNH:1
FNDA:1,(anonymous_0)
DA:5,1
DA:11,1
DA:12,1
DA:14,0
DA:16,1
LF:5
LH:4
BRDA:11,0,0,1
BRDA:11,1,0,1
BRDA:12,2,0,0
BRDA:12,2,1,1
BRF:4
BRH:3
end_of_record
TN:
SF:/Users/alexanderquirk/Dev/football-game/ui/src/reducers/index.js
FNF:0
FNH:0
DA:1,0
DA:2,0
DA:4,0
DA:6,0
LF:4
LH:0
BRF:0
BRH:0
end_of_record
